#-----------------------------------------------------------
# Vivado v2024.2 (64-bit)
# SW Build 5239630 on Fri Nov 08 22:34:34 MST 2024
# IP Build 5239520 on Sun Nov 10 16:12:51 MST 2024
# SharedData Build 5239561 on Fri Nov 08 14:39:27 MST 2024
# Start of session at: Wed Sep 10 21:24:02 2025
# Process ID         : 10378
# Current directory  : /home/f4bjh/devel/Rf-Test-BJH
# Command line       : vivado
# Log file           : /home/f4bjh/devel/Rf-Test-BJH/vivado.log
# Journal file       : /home/f4bjh/devel/Rf-Test-BJH/vivado.jou
# Running On         : f4bjh-minipc
# Platform           : Ubuntu
# Operating System   : Ubuntu 24.04.3 LTS
# Processor Detail   : AMD Ryzen 7 5700U with Radeon Graphics
# CPU Frequency      : 1397.067 MHz
# CPU Physical cores : 8
# CPU Logical cores  : 16
# Host memory        : 33021 MB
# Swap memory        : 2147 MB
# Total Virtual      : 35169 MB
# Available Virtual  : 29727 MB
#-----------------------------------------------------------
start_gui
open_project /home/f4bjh/devel/Rf-Test-BJH/tests/hf_gen_fpga/CmodaA7_led-blink-1stprj/CmodaA7_led-blink-1stprj.xpr
Scanning sources...
Finished scanning sources
INFO: [IP_Flow 19-234] Refreshing IP repositories
INFO: [IP_Flow 19-1704] No user IP repositories specified
INFO: [IP_Flow 19-2313] Loaded Vivado IP repository '/home/f4bjh/Xilinx/Vivado/2024.2/data/ip'.
WARNING: [IP_Flow 19-2162] IP 'clk_wiz_0' is locked:
* Current project part 'xc7a35tcpg236-1' and the part 'xc7a35tcpg236-3' used to customize the IP 'clk_wiz_0' do not match.
update_compile_order -fileset sources_1
close_project
create_project Cmod_A7-hf_gen_fpga /home/f4bjh/devel/Rf-Test-BJH/tests/hf_gen_fpga/Cmod_A7-hf_gen_fpga -part xc7a35tcpg236-1
INFO: [IP_Flow 19-234] Refreshing IP repositories
INFO: [IP_Flow 19-1704] No user IP repositories specified
INFO: [IP_Flow 19-2313] Loaded Vivado IP repository '/home/f4bjh/Xilinx/Vivado/2024.2/data/ip'.
INFO: [Device 21-403] Loading part xc7a35tcpg236-1
create_ip -name clk_wiz -vendor xilinx.com -library ip -version 6.0 -module_name clk_wiz_0
set_property -dict [list \
  CONFIG.CLKIN1_JITTER_PS {833.33} \
  CONFIG.CLKOUT1_JITTER {522.315} \
  CONFIG.CLKOUT1_PHASE_ERROR {668.310} \
  CONFIG.CLKOUT1_REQUESTED_OUT_FREQ {50} \
  CONFIG.MMCM_CLKFBOUT_MULT_F {62.500} \
  CONFIG.MMCM_CLKIN1_PERIOD {83.333} \
  CONFIG.MMCM_CLKIN2_PERIOD {10.0} \
  CONFIG.MMCM_CLKOUT0_DIVIDE_F {15.000} \
  CONFIG.PRIM_IN_FREQ {12} \
] [get_ips clk_wiz_0]
generate_target {instantiation_template} [get_files /home/f4bjh/devel/Rf-Test-BJH/tests/hf_gen_fpga/Cmod_A7-hf_gen_fpga/Cmod_A7-hf_gen_fpga.srcs/sources_1/ip/clk_wiz_0/clk_wiz_0.xci]
INFO: [IP_Flow 19-1686] Generating 'Instantiation Template' target for IP 'clk_wiz_0'...
update_compile_order -fileset sources_1
generate_target all [get_files  /home/f4bjh/devel/Rf-Test-BJH/tests/hf_gen_fpga/Cmod_A7-hf_gen_fpga/Cmod_A7-hf_gen_fpga.srcs/sources_1/ip/clk_wiz_0/clk_wiz_0.xci]
INFO: [IP_Flow 19-1686] Generating 'Synthesis' target for IP 'clk_wiz_0'...
INFO: [IP_Flow 19-1686] Generating 'Simulation' target for IP 'clk_wiz_0'...
INFO: [IP_Flow 19-1686] Generating 'Implementation' target for IP 'clk_wiz_0'...
INFO: [IP_Flow 19-1686] Generating 'Change Log' target for IP 'clk_wiz_0'...
catch { config_ip_cache -export [get_ips -all clk_wiz_0] }
INFO: [IP_Flow 19-6924] IPCACHE: Running cache check for IP inst: clk_wiz_0
export_ip_user_files -of_objects [get_files /home/f4bjh/devel/Rf-Test-BJH/tests/hf_gen_fpga/Cmod_A7-hf_gen_fpga/Cmod_A7-hf_gen_fpga.srcs/sources_1/ip/clk_wiz_0/clk_wiz_0.xci] -no_script -sync -force -quiet
create_ip_run [get_files -of_objects [get_fileset sources_1] /home/f4bjh/devel/Rf-Test-BJH/tests/hf_gen_fpga/Cmod_A7-hf_gen_fpga/Cmod_A7-hf_gen_fpga.srcs/sources_1/ip/clk_wiz_0/clk_wiz_0.xci]
launch_runs clk_wiz_0_synth_1 -jobs 8
INFO: [IP_Flow 19-6924] IPCACHE: Running cache check for IP inst: clk_wiz_0
[Wed Sep 10 21:31:29 2025] Launched clk_wiz_0_synth_1...
Run output will be captured here: /home/f4bjh/devel/Rf-Test-BJH/tests/hf_gen_fpga/Cmod_A7-hf_gen_fpga/Cmod_A7-hf_gen_fpga.runs/clk_wiz_0_synth_1/runme.log
export_simulation -lib_map_path [list {modelsim=/home/f4bjh/devel/Rf-Test-BJH/tests/hf_gen_fpga/Cmod_A7-hf_gen_fpga/Cmod_A7-hf_gen_fpga.cache/compile_simlib/modelsim} {questa=/home/f4bjh/devel/Rf-Test-BJH/tests/hf_gen_fpga/Cmod_A7-hf_gen_fpga/Cmod_A7-hf_gen_fpga.cache/compile_simlib/questa} {xcelium=/home/f4bjh/devel/Rf-Test-BJH/tests/hf_gen_fpga/Cmod_A7-hf_gen_fpga/Cmod_A7-hf_gen_fpga.cache/compile_simlib/xcelium} {vcs=/home/f4bjh/devel/Rf-Test-BJH/tests/hf_gen_fpga/Cmod_A7-hf_gen_fpga/Cmod_A7-hf_gen_fpga.cache/compile_simlib/vcs} {riviera=/home/f4bjh/devel/Rf-Test-BJH/tests/hf_gen_fpga/Cmod_A7-hf_gen_fpga/Cmod_A7-hf_gen_fpga.cache/compile_simlib/riviera}] -of_objects [get_files /home/f4bjh/devel/Rf-Test-BJH/tests/hf_gen_fpga/Cmod_A7-hf_gen_fpga/Cmod_A7-hf_gen_fpga.srcs/sources_1/ip/clk_wiz_0/clk_wiz_0.xci] -directory /home/f4bjh/devel/Rf-Test-BJH/tests/hf_gen_fpga/Cmod_A7-hf_gen_fpga/Cmod_A7-hf_gen_fpga.ip_user_files/sim_scripts -ip_user_files_dir /home/f4bjh/devel/Rf-Test-BJH/tests/hf_gen_fpga/Cmod_A7-hf_gen_fpga/Cmod_A7-hf_gen_fpga.ip_user_files -ipstatic_source_dir /home/f4bjh/devel/Rf-Test-BJH/tests/hf_gen_fpga/Cmod_A7-hf_gen_fpga/Cmod_A7-hf_gen_fpga.ip_user_files/ipstatic -use_ip_compiled_libs -force -quiet
file mkdir /home/f4bjh/devel/Rf-Test-BJH/tests/hf_gen_fpga/Cmod_A7-hf_gen_fpga/Cmod_A7-hf_gen_fpga.srcs/sources_1/new
close [ open /home/f4bjh/devel/Rf-Test-BJH/tests/hf_gen_fpga/Cmod_A7-hf_gen_fpga/Cmod_A7-hf_gen_fpga.srcs/sources_1/new/hf_gen_fpga.vhd w ]
add_files /home/f4bjh/devel/Rf-Test-BJH/tests/hf_gen_fpga/Cmod_A7-hf_gen_fpga/Cmod_A7-hf_gen_fpga.srcs/sources_1/new/hf_gen_fpga.vhd
launch_runs synth_1 -jobs 8
WARNING: [Vivado 12-7122] Auto Incremental Compile:: No reference checkpoint was found in run synth_1. Auto-incremental flow will not be run, the standard flow will be run instead.
[Wed Sep 10 21:44:50 2025] Launched synth_1...
Run output will be captured here: /home/f4bjh/devel/Rf-Test-BJH/tests/hf_gen_fpga/Cmod_A7-hf_gen_fpga/Cmod_A7-hf_gen_fpga.runs/synth_1/runme.log
ERROR: [Vivado 12-106] *** Exception: java.lang.IllegalArgumentException: Width (0) and height (0) cannot be <= 0 (See /home/f4bjh/devel/Rf-Test-BJH/vivado_pid10378.debug)
ERROR: [Vivado 12-106] *** Exception: java.lang.IllegalArgumentException: Width (0) and height (0) cannot be <= 0 (See /home/f4bjh/devel/Rf-Test-BJH/vivado_pid10378.debug)
ERROR: [Vivado 12-106] *** Exception: java.lang.IllegalArgumentException: Width (0) and height (0) cannot be <= 0 (See /home/f4bjh/devel/Rf-Test-BJH/vivado_pid10378.debug)
ERROR: [Vivado 12-106] *** Exception: java.lang.IllegalArgumentException: Width (0) and height (0) cannot be <= 0 (See /home/f4bjh/devel/Rf-Test-BJH/vivado_pid10378.debug)
ERROR: [Vivado 12-106] *** Exception: java.lang.IllegalArgumentException: Width (0) and height (0) cannot be <= 0 (See /home/f4bjh/devel/Rf-Test-BJH/vivado_pid10378.debug)
ERROR: [Vivado 12-106] *** Exception: java.lang.IllegalArgumentException: Width (0) and height (0) cannot be <= 0 (See /home/f4bjh/devel/Rf-Test-BJH/vivado_pid10378.debug)
ERROR: [Vivado 12-106] *** Exception: java.lang.IllegalArgumentException: Width (0) and height (0) cannot be <= 0 (See /home/f4bjh/devel/Rf-Test-BJH/vivado_pid10378.debug)
ERROR: [Vivado 12-106] *** Exception: java.lang.IllegalArgumentException: Width (0) and height (0) cannot be <= 0 (See /home/f4bjh/devel/Rf-Test-BJH/vivado_pid10378.debug)
ERROR: [Vivado 12-106] *** Exception: java.lang.IllegalArgumentException: Width (0) and height (0) cannot be <= 0 (See /home/f4bjh/devel/Rf-Test-BJH/vivado_pid10378.debug)
ERROR: [Vivado 12-106] *** Exception: java.lang.IllegalArgumentException: Width (0) and height (0) cannot be <= 0 (See /home/f4bjh/devel/Rf-Test-BJH/vivado_pid10378.debug)
ERROR: [Vivado 12-106] *** Exception: java.lang.IllegalArgumentException: Width (0) and height (0) cannot be <= 0 (See /home/f4bjh/devel/Rf-Test-BJH/vivado_pid10378.debug)
ERROR: [Vivado 12-106] *** Exception: java.lang.IllegalArgumentException: Width (0) and height (0) cannot be <= 0 (See /home/f4bjh/devel/Rf-Test-BJH/vivado_pid10378.debug)
launch_runs impl_1 -jobs 8
[Wed Sep 10 21:51:32 2025] Launched impl_1...
Run output will be captured here: /home/f4bjh/devel/Rf-Test-BJH/tests/hf_gen_fpga/Cmod_A7-hf_gen_fpga/Cmod_A7-hf_gen_fpga.runs/impl_1/runme.log
launch_runs impl_1 -to_step write_bitstream -jobs 8
[Wed Sep 10 21:52:18 2025] Launched impl_1...
Run output will be captured here: /home/f4bjh/devel/Rf-Test-BJH/tests/hf_gen_fpga/Cmod_A7-hf_gen_fpga/Cmod_A7-hf_gen_fpga.runs/impl_1/runme.log
close_project
open_project /home/f4bjh/devel/Rf-Test-BJH/tests/hf_gen_fpga/CmodaA7_led-blink-1stprj/CmodaA7_led-blink-1stprj.xpr
Scanning sources...
Finished scanning sources
INFO: [IP_Flow 19-234] Refreshing IP repositories
INFO: [IP_Flow 19-1704] No user IP repositories specified
INFO: [IP_Flow 19-2313] Loaded Vivado IP repository '/home/f4bjh/Xilinx/Vivado/2024.2/data/ip'.
WARNING: [IP_Flow 19-2162] IP 'clk_wiz_0' is locked:
* Current project part 'xc7a35tcpg236-1' and the part 'xc7a35tcpg236-3' used to customize the IP 'clk_wiz_0' do not match.
update_compile_order -fileset sources_1
file mkdir /home/f4bjh/devel/Rf-Test-BJH/tests/hf_gen_fpga/CmodaA7_led-blink-1stprj/CmodaA7_led-blink-1stprj.srcs/sim_1/new
set_property SOURCE_SET sources_1 [get_filesets sim_1]
close [ open /home/f4bjh/devel/Rf-Test-BJH/tests/hf_gen_fpga/CmodaA7_led-blink-1stprj/CmodaA7_led-blink-1stprj.srcs/sim_1/new/tb_top_blinky.vhdl w ]
add_files -fileset sim_1 /home/f4bjh/devel/Rf-Test-BJH/tests/hf_gen_fpga/CmodaA7_led-blink-1stprj/CmodaA7_led-blink-1stprj.srcs/sim_1/new/tb_top_blinky.vhdl
update_compile_order -fileset sim_1
update_compile_order -fileset sim_1
launch_simulation
Command: launch_simulation 
INFO: [Vivado 12-12493] Simulation top is 'tb_top_blinky'
INFO: [Vivado 12-5698] Checking validity of IPs in the design for the 'XSim' simulator...
INFO: [Vivado 12-5682] Launching behavioral simulation in '/home/f4bjh/devel/Rf-Test-BJH/tests/hf_gen_fpga/CmodaA7_led-blink-1stprj/CmodaA7_led-blink-1stprj.sim/sim_1/behav/xsim'
INFO: [Vivado 12-4795] Using compiled simulation libraries for IPs
INFO: [SIM-utils-51] Simulation object is 'sim_1'
INFO: [SIM-utils-72] Using boost library from '/home/f4bjh/Xilinx/Vivado/2024.2/tps/boost_1_72_0'
INFO: [USF-XSim-7] Finding pre-compiled libraries...
INFO: [USF-XSim-11] File '/home/f4bjh/Xilinx/Vivado/2024.2/data/xsim/xsim.ini' copied to run dir:'/home/f4bjh/devel/Rf-Test-BJH/tests/hf_gen_fpga/CmodaA7_led-blink-1stprj/CmodaA7_led-blink-1stprj.sim/sim_1/behav/xsim'
INFO: [SIM-utils-54] Inspecting design source files for 'tb_top_blinky' in fileset 'sim_1'...
INFO: [USF-XSim-97] Finding global include files...
INFO: [USF-XSim-98] Fetching design files from 'sim_1'...
INFO: [USF-XSim-2] XSim::Compile design
INFO: [USF-XSim-61] Executing 'COMPILE and ANALYZE' step in '/home/f4bjh/devel/Rf-Test-BJH/tests/hf_gen_fpga/CmodaA7_led-blink-1stprj/CmodaA7_led-blink-1stprj.sim/sim_1/behav/xsim'
xvlog --incr --relax -prj tb_top_blinky_vlog.prj
INFO: [VRFC 10-2263] Analyzing Verilog file "/home/f4bjh/devel/Rf-Test-BJH/tests/hf_gen_fpga/CmodaA7_led-blink-1stprj/CmodaA7_led-blink-1stprj.gen/sources_1/ip/clk_wiz_0/clk_wiz_0_clk_wiz.v" into library xil_defaultlib
INFO: [VRFC 10-311] analyzing module clk_wiz_0_clk_wiz
INFO: [VRFC 10-2263] Analyzing Verilog file "/home/f4bjh/devel/Rf-Test-BJH/tests/hf_gen_fpga/CmodaA7_led-blink-1stprj/CmodaA7_led-blink-1stprj.gen/sources_1/ip/clk_wiz_0/clk_wiz_0.v" into library xil_defaultlib
INFO: [VRFC 10-311] analyzing module clk_wiz_0
INFO: [VRFC 10-2263] Analyzing Verilog file "/home/f4bjh/devel/Rf-Test-BJH/tests/hf_gen_fpga/CmodaA7_led-blink-1stprj/CmodaA7_led-blink-1stprj.sim/sim_1/behav/xsim/glbl.v" into library xil_defaultlib
INFO: [VRFC 10-311] analyzing module glbl
xvhdl --incr --relax -prj tb_top_blinky_vhdl.prj
INFO: [VRFC 10-163] Analyzing VHDL file "/home/f4bjh/devel/Rf-Test-BJH/tests/hf_gen_fpga/CmodaA7_led-blink-1stprj/CmodaA7_led-blink-1stprj.srcs/sources_1/new/top_blinky.vhd" into library xil_defaultlib
INFO: [VRFC 10-3107] analyzing entity 'top_blinky'
INFO: [VRFC 10-163] Analyzing VHDL file "/home/f4bjh/devel/Rf-Test-BJH/tests/hf_gen_fpga/CmodaA7_led-blink-1stprj/CmodaA7_led-blink-1stprj.srcs/sim_1/new/tb_top_blinky.vhdl" into library xil_defaultlib
INFO: [VRFC 10-3107] analyzing entity 'tb_top_blinky'
Waiting for jobs to finish...
No pending jobs, compilation finished.
INFO: [USF-XSim-69] 'compile' step finished in '3' seconds
INFO: [USF-XSim-3] XSim::Elaborate design
INFO: [USF-XSim-61] Executing 'ELABORATE' step in '/home/f4bjh/devel/Rf-Test-BJH/tests/hf_gen_fpga/CmodaA7_led-blink-1stprj/CmodaA7_led-blink-1stprj.sim/sim_1/behav/xsim'
xelab --incr --debug typical --relax --mt 8 -L xil_defaultlib -L unisims_ver -L unimacro_ver -L secureip -L xpm --snapshot tb_top_blinky_behav xil_defaultlib.tb_top_blinky xil_defaultlib.glbl -log elaborate.log
Vivado Simulator v2024.2.0
Copyright 1986-2022 Xilinx, Inc. All Rights Reserved.
Copyright 2022-2024 Advanced Micro Devices, Inc. All Rights Reserved.
Running: /home/f4bjh/Xilinx/Vivado/2024.2/bin/unwrapped/lnx64.o/xelab --incr --debug typical --relax --mt 8 -L xil_defaultlib -L unisims_ver -L unimacro_ver -L secureip -L xpm --snapshot tb_top_blinky_behav xil_defaultlib.tb_top_blinky xil_defaultlib.glbl -log elaborate.log 
Using 8 slave threads.
Starting static elaboration
Pass Through NonSizing Optimizer
Completed static elaboration
Starting simulation data flow analysis
Completed simulation data flow analysis
Time Resolution for simulation is 1ps
Compiling package std.standard
Compiling package std.textio
Compiling package ieee.std_logic_1164
Compiling package ieee.numeric_std
Compiling package vl.vl_types
Compiling module xil_defaultlib.glbl
Compiling module unisims_ver.IBUF
Compiling module unisims_ver.MMCME2_ADV(CLKFBOUT_MULT_F=62.5,...
Compiling module unisims_ver.BUFG
Compiling module xil_defaultlib.clk_wiz_0_clk_wiz
Compiling module xil_defaultlib.clk_wiz_0
Compiling architecture rtl of entity xil_defaultlib.top_blinky [top_blinky_default]
Compiling architecture sim of entity xil_defaultlib.tb_top_blinky
Built simulation snapshot tb_top_blinky_behav
INFO: [USF-XSim-69] 'elaborate' step finished in '3' seconds
INFO: [USF-XSim-4] XSim::Simulate design
INFO: [USF-XSim-61] Executing 'SIMULATE' step in '/home/f4bjh/devel/Rf-Test-BJH/tests/hf_gen_fpga/CmodaA7_led-blink-1stprj/CmodaA7_led-blink-1stprj.sim/sim_1/behav/xsim'
INFO: [USF-XSim-98] *** Running xsim
   with args "tb_top_blinky_behav -key {Behavioral:sim_1:Functional:tb_top_blinky} -tclbatch {tb_top_blinky.tcl} -log {simulate.log}"
INFO: [USF-XSim-8] Loading simulator feature
Time resolution is 1 ps
source tb_top_blinky.tcl
# set curr_wave [current_wave_config]
# if { [string length $curr_wave] == 0 } {
#   if { [llength [get_objects]] > 0} {
#     add_wave /
#     set_property needs_save false [current_wave_config]
#   } else {
#      send_msg_id Add_Wave-1 WARNING "No top level signals found. Simulator will start without a wave window. If you want to open a wave window go to 'File->New Waveform Configuration' or type 'create_wave_config' in the TCL console."
#   }
# }
# run 1000ns
INFO: [USF-XSim-96] XSim completed. Design snapshot 'tb_top_blinky_behav' loaded.
INFO: [USF-XSim-97] XSim simulation ran for 1000ns
launch_simulation: Time (s): cpu = 00:00:10 ; elapsed = 00:00:10 . Memory (MB): peak = 8293.184 ; gain = 52.293 ; free physical = 14195 ; free virtual = 26779
step
Stopped at time : 1037500 ps : File "/home/f4bjh/devel/Rf-Test-BJH/tests/hf_gen_fpga/CmodaA7_led-blink-1stprj/CmodaA7_led-blink-1stprj.srcs/sim_1/new/tb_top_blinky.vhdl" Line 29
add_bp {/home/f4bjh/devel/Rf-Test-BJH/tests/hf_gen_fpga/CmodaA7_led-blink-1stprj/CmodaA7_led-blink-1stprj.srcs/sim_1/new/tb_top_blinky.vhdl} 27
remove_bps -file {/home/f4bjh/devel/Rf-Test-BJH/tests/hf_gen_fpga/CmodaA7_led-blink-1stprj/CmodaA7_led-blink-1stprj.srcs/sim_1/new/tb_top_blinky.vhdl} -line 27
run all
Failure: Fin de la simulation
Time: 10 ms  Iteration: 0  Process: /tb_top_blinky/stim_proc  File: /home/f4bjh/devel/Rf-Test-BJH/tests/hf_gen_fpga/CmodaA7_led-blink-1stprj/CmodaA7_led-blink-1stprj.srcs/sim_1/new/tb_top_blinky.vhdl
$finish called at time : 10 ms : File "/home/f4bjh/devel/Rf-Test-BJH/tests/hf_gen_fpga/CmodaA7_led-blink-1stprj/CmodaA7_led-blink-1stprj.srcs/sim_1/new/tb_top_blinky.vhdl" Line 51
run: Time (s): cpu = 00:00:05 ; elapsed = 00:00:26 . Memory (MB): peak = 8293.184 ; gain = 0.000 ; free physical = 14295 ; free virtual = 26888
