Copyright 1986-2022 Xilinx, Inc. All Rights Reserved. Copyright 2022-2024 Advanced Micro Devices, Inc. All Rights Reserved.
--------------------------------------------------------------------------------------------------------------------------------------------------------------------------------------------------------
| Tool Version : Vivado v.2024.2 (lin64) Build 5239630 Fri Nov 08 22:34:34 MST 2024
| Date         : Tue Apr 21 00:04:34 2026
| Host         : f4bjh-minipc running 64-bit Ubuntu 24.04.4 LTS
| Command      : report_methodology -file top_reciproc_freq_meas_methodology_drc_routed.rpt -pb top_reciproc_freq_meas_methodology_drc_routed.pb -rpx top_reciproc_freq_meas_methodology_drc_routed.rpx
| Design       : top_reciproc_freq_meas
| Device       : xc7a35tcpg236-1
| Speed File   : -1
| Design State : Fully Routed
--------------------------------------------------------------------------------------------------------------------------------------------------------------------------------------------------------

Report Methodology

Table of Contents
-----------------
1. REPORT SUMMARY
2. REPORT DETAILS

1. REPORT SUMMARY
-----------------
            Netlist: netlist
          Floorplan: design_1
      Design limits: <entire design considered>
             Max checks: <unlimited>
             Checks found: 30
+-----------+----------+-----------------------+--------+
| Rule      | Severity | Description           | Checks |
+-----------+----------+-----------------------+--------+
| TIMING-16 | Warning  | Large setup violation | 30     |
+-----------+----------+-----------------------+--------+

2. REPORT DETAILS
-----------------
TIMING-16#1 Warning
Large setup violation  
There is a large setup violation of -6.554 ns between spi_decode_inst/nco_freq_word_reg[8]/C (clocked by clk_master_clk_wiz_0) and nco_inst/PHASE_INC_reg[0]/D (clocked by clk_master_clk_wiz_0). Large setup violations at the end of those stages might be difficult to fix during the post-placement implementation flow and could be the result of non-optimal XDC constraints or non-optimal design architecture
Related violations: <none>

TIMING-16#2 Warning
Large setup violation  
There is a large setup violation of -6.676 ns between spi_decode_inst/nco_freq_word_reg[8]/C (clocked by clk_master_clk_wiz_0) and nco_inst/PHASE_INC_reg[18]/D (clocked by clk_master_clk_wiz_0). Large setup violations at the end of those stages might be difficult to fix during the post-placement implementation flow and could be the result of non-optimal XDC constraints or non-optimal design architecture
Related violations: <none>

TIMING-16#3 Warning
Large setup violation  
There is a large setup violation of -6.677 ns between spi_decode_inst/nco_freq_word_reg[8]/C (clocked by clk_master_clk_wiz_0) and nco_inst/PHASE_INC_reg[1]/D (clocked by clk_master_clk_wiz_0). Large setup violations at the end of those stages might be difficult to fix during the post-placement implementation flow and could be the result of non-optimal XDC constraints or non-optimal design architecture
Related violations: <none>

TIMING-16#4 Warning
Large setup violation  
There is a large setup violation of -6.678 ns between spi_decode_inst/nco_freq_word_reg[8]/C (clocked by clk_master_clk_wiz_0) and nco_inst/PHASE_INC_reg[9]/D (clocked by clk_master_clk_wiz_0). Large setup violations at the end of those stages might be difficult to fix during the post-placement implementation flow and could be the result of non-optimal XDC constraints or non-optimal design architecture
Related violations: <none>

TIMING-16#5 Warning
Large setup violation  
There is a large setup violation of -6.683 ns between spi_decode_inst/nco_freq_word_reg[8]/C (clocked by clk_master_clk_wiz_0) and nco_inst/PHASE_INC_reg[11]/D (clocked by clk_master_clk_wiz_0). Large setup violations at the end of those stages might be difficult to fix during the post-placement implementation flow and could be the result of non-optimal XDC constraints or non-optimal design architecture
Related violations: <none>

TIMING-16#6 Warning
Large setup violation  
There is a large setup violation of -6.683 ns between spi_decode_inst/nco_freq_word_reg[8]/C (clocked by clk_master_clk_wiz_0) and nco_inst/PHASE_INC_reg[17]/D (clocked by clk_master_clk_wiz_0). Large setup violations at the end of those stages might be difficult to fix during the post-placement implementation flow and could be the result of non-optimal XDC constraints or non-optimal design architecture
Related violations: <none>

TIMING-16#7 Warning
Large setup violation  
There is a large setup violation of -6.716 ns between spi_decode_inst/nco_freq_word_reg[8]/C (clocked by clk_master_clk_wiz_0) and nco_inst/PHASE_INC_reg[15]/D (clocked by clk_master_clk_wiz_0). Large setup violations at the end of those stages might be difficult to fix during the post-placement implementation flow and could be the result of non-optimal XDC constraints or non-optimal design architecture
Related violations: <none>

TIMING-16#8 Warning
Large setup violation  
There is a large setup violation of -6.721 ns between spi_decode_inst/nco_freq_word_reg[8]/C (clocked by clk_master_clk_wiz_0) and nco_inst/PHASE_INC_reg[21]/D (clocked by clk_master_clk_wiz_0). Large setup violations at the end of those stages might be difficult to fix during the post-placement implementation flow and could be the result of non-optimal XDC constraints or non-optimal design architecture
Related violations: <none>

TIMING-16#9 Warning
Large setup violation  
There is a large setup violation of -6.792 ns between spi_decode_inst/nco_freq_word_reg[8]/C (clocked by clk_master_clk_wiz_0) and nco_inst/PHASE_INC_reg[13]/D (clocked by clk_master_clk_wiz_0). Large setup violations at the end of those stages might be difficult to fix during the post-placement implementation flow and could be the result of non-optimal XDC constraints or non-optimal design architecture
Related violations: <none>

TIMING-16#10 Warning
Large setup violation  
There is a large setup violation of -6.792 ns between spi_decode_inst/nco_freq_word_reg[8]/C (clocked by clk_master_clk_wiz_0) and nco_inst/PHASE_INC_reg[7]/D (clocked by clk_master_clk_wiz_0). Large setup violations at the end of those stages might be difficult to fix during the post-placement implementation flow and could be the result of non-optimal XDC constraints or non-optimal design architecture
Related violations: <none>

TIMING-16#11 Warning
Large setup violation  
There is a large setup violation of -6.798 ns between spi_decode_inst/nco_freq_word_reg[8]/C (clocked by clk_master_clk_wiz_0) and nco_inst/PHASE_INC_reg[29]/D (clocked by clk_master_clk_wiz_0). Large setup violations at the end of those stages might be difficult to fix during the post-placement implementation flow and could be the result of non-optimal XDC constraints or non-optimal design architecture
Related violations: <none>

TIMING-16#12 Warning
Large setup violation  
There is a large setup violation of -6.799 ns between spi_decode_inst/nco_freq_word_reg[8]/C (clocked by clk_master_clk_wiz_0) and nco_inst/PHASE_INC_reg[2]/D (clocked by clk_master_clk_wiz_0). Large setup violations at the end of those stages might be difficult to fix during the post-placement implementation flow and could be the result of non-optimal XDC constraints or non-optimal design architecture
Related violations: <none>

TIMING-16#13 Warning
Large setup violation  
There is a large setup violation of -6.800 ns between spi_decode_inst/nco_freq_word_reg[8]/C (clocked by clk_master_clk_wiz_0) and nco_inst/PHASE_INC_reg[20]/D (clocked by clk_master_clk_wiz_0). Large setup violations at the end of those stages might be difficult to fix during the post-placement implementation flow and could be the result of non-optimal XDC constraints or non-optimal design architecture
Related violations: <none>

TIMING-16#14 Warning
Large setup violation  
There is a large setup violation of -6.807 ns between spi_decode_inst/nco_freq_word_reg[8]/C (clocked by clk_master_clk_wiz_0) and nco_inst/PHASE_INC_reg[25]/D (clocked by clk_master_clk_wiz_0). Large setup violations at the end of those stages might be difficult to fix during the post-placement implementation flow and could be the result of non-optimal XDC constraints or non-optimal design architecture
Related violations: <none>

TIMING-16#15 Warning
Large setup violation  
There is a large setup violation of -6.809 ns between spi_decode_inst/nco_freq_word_reg[8]/C (clocked by clk_master_clk_wiz_0) and nco_inst/PHASE_INC_reg[5]/D (clocked by clk_master_clk_wiz_0). Large setup violations at the end of those stages might be difficult to fix during the post-placement implementation flow and could be the result of non-optimal XDC constraints or non-optimal design architecture
Related violations: <none>

TIMING-16#16 Warning
Large setup violation  
There is a large setup violation of -6.817 ns between spi_decode_inst/nco_freq_word_reg[8]/C (clocked by clk_master_clk_wiz_0) and nco_inst/PHASE_INC_reg[3]/D (clocked by clk_master_clk_wiz_0). Large setup violations at the end of those stages might be difficult to fix during the post-placement implementation flow and could be the result of non-optimal XDC constraints or non-optimal design architecture
Related violations: <none>

TIMING-16#17 Warning
Large setup violation  
There is a large setup violation of -6.827 ns between spi_decode_inst/nco_freq_word_reg[8]/C (clocked by clk_master_clk_wiz_0) and nco_inst/PHASE_INC_reg[8]/D (clocked by clk_master_clk_wiz_0). Large setup violations at the end of those stages might be difficult to fix during the post-placement implementation flow and could be the result of non-optimal XDC constraints or non-optimal design architecture
Related violations: <none>

TIMING-16#18 Warning
Large setup violation  
There is a large setup violation of -6.828 ns between spi_decode_inst/nco_freq_word_reg[8]/C (clocked by clk_master_clk_wiz_0) and nco_inst/PHASE_INC_reg[14]/D (clocked by clk_master_clk_wiz_0). Large setup violations at the end of those stages might be difficult to fix during the post-placement implementation flow and could be the result of non-optimal XDC constraints or non-optimal design architecture
Related violations: <none>

TIMING-16#19 Warning
Large setup violation  
There is a large setup violation of -6.831 ns between spi_decode_inst/nco_freq_word_reg[8]/C (clocked by clk_master_clk_wiz_0) and nco_inst/PHASE_INC_reg[27]/D (clocked by clk_master_clk_wiz_0). Large setup violations at the end of those stages might be difficult to fix during the post-placement implementation flow and could be the result of non-optimal XDC constraints or non-optimal design architecture
Related violations: <none>

TIMING-16#20 Warning
Large setup violation  
There is a large setup violation of -6.832 ns between spi_decode_inst/nco_freq_word_reg[8]/C (clocked by clk_master_clk_wiz_0) and nco_inst/PHASE_INC_reg[28]/D (clocked by clk_master_clk_wiz_0). Large setup violations at the end of those stages might be difficult to fix during the post-placement implementation flow and could be the result of non-optimal XDC constraints or non-optimal design architecture
Related violations: <none>

TIMING-16#21 Warning
Large setup violation  
There is a large setup violation of -6.838 ns between spi_decode_inst/nco_freq_word_reg[8]/C (clocked by clk_master_clk_wiz_0) and nco_inst/PHASE_INC_reg[26]/D (clocked by clk_master_clk_wiz_0). Large setup violations at the end of those stages might be difficult to fix during the post-placement implementation flow and could be the result of non-optimal XDC constraints or non-optimal design architecture
Related violations: <none>

TIMING-16#22 Warning
Large setup violation  
There is a large setup violation of -6.842 ns between spi_decode_inst/nco_freq_word_reg[8]/C (clocked by clk_master_clk_wiz_0) and nco_inst/PHASE_INC_reg[4]/D (clocked by clk_master_clk_wiz_0). Large setup violations at the end of those stages might be difficult to fix during the post-placement implementation flow and could be the result of non-optimal XDC constraints or non-optimal design architecture
Related violations: <none>

TIMING-16#23 Warning
Large setup violation  
There is a large setup violation of -6.862 ns between spi_decode_inst/nco_freq_word_reg[8]/C (clocked by clk_master_clk_wiz_0) and nco_inst/PHASE_INC_reg[24]/D (clocked by clk_master_clk_wiz_0). Large setup violations at the end of those stages might be difficult to fix during the post-placement implementation flow and could be the result of non-optimal XDC constraints or non-optimal design architecture
Related violations: <none>

TIMING-16#24 Warning
Large setup violation  
There is a large setup violation of -6.865 ns between spi_decode_inst/nco_freq_word_reg[8]/C (clocked by clk_master_clk_wiz_0) and nco_inst/PHASE_INC_reg[12]/D (clocked by clk_master_clk_wiz_0). Large setup violations at the end of those stages might be difficult to fix during the post-placement implementation flow and could be the result of non-optimal XDC constraints or non-optimal design architecture
Related violations: <none>

TIMING-16#25 Warning
Large setup violation  
There is a large setup violation of -6.867 ns between spi_decode_inst/nco_freq_word_reg[8]/C (clocked by clk_master_clk_wiz_0) and nco_inst/PHASE_INC_reg[22]/D (clocked by clk_master_clk_wiz_0). Large setup violations at the end of those stages might be difficult to fix during the post-placement implementation flow and could be the result of non-optimal XDC constraints or non-optimal design architecture
Related violations: <none>

TIMING-16#26 Warning
Large setup violation  
There is a large setup violation of -6.882 ns between spi_decode_inst/nco_freq_word_reg[8]/C (clocked by clk_master_clk_wiz_0) and nco_inst/PHASE_INC_reg[23]/D (clocked by clk_master_clk_wiz_0). Large setup violations at the end of those stages might be difficult to fix during the post-placement implementation flow and could be the result of non-optimal XDC constraints or non-optimal design architecture
Related violations: <none>

TIMING-16#27 Warning
Large setup violation  
There is a large setup violation of -6.889 ns between spi_decode_inst/nco_freq_word_reg[8]/C (clocked by clk_master_clk_wiz_0) and nco_inst/PHASE_INC_reg[6]/D (clocked by clk_master_clk_wiz_0). Large setup violations at the end of those stages might be difficult to fix during the post-placement implementation flow and could be the result of non-optimal XDC constraints or non-optimal design architecture
Related violations: <none>

TIMING-16#28 Warning
Large setup violation  
There is a large setup violation of -6.894 ns between spi_decode_inst/nco_freq_word_reg[8]/C (clocked by clk_master_clk_wiz_0) and nco_inst/PHASE_INC_reg[10]/D (clocked by clk_master_clk_wiz_0). Large setup violations at the end of those stages might be difficult to fix during the post-placement implementation flow and could be the result of non-optimal XDC constraints or non-optimal design architecture
Related violations: <none>

TIMING-16#29 Warning
Large setup violation  
There is a large setup violation of -6.906 ns between spi_decode_inst/nco_freq_word_reg[8]/C (clocked by clk_master_clk_wiz_0) and nco_inst/PHASE_INC_reg[19]/D (clocked by clk_master_clk_wiz_0). Large setup violations at the end of those stages might be difficult to fix during the post-placement implementation flow and could be the result of non-optimal XDC constraints or non-optimal design architecture
Related violations: <none>

TIMING-16#30 Warning
Large setup violation  
There is a large setup violation of -6.911 ns between spi_decode_inst/nco_freq_word_reg[8]/C (clocked by clk_master_clk_wiz_0) and nco_inst/PHASE_INC_reg[16]/D (clocked by clk_master_clk_wiz_0). Large setup violations at the end of those stages might be difficult to fix during the post-placement implementation flow and could be the result of non-optimal XDC constraints or non-optimal design architecture
Related violations: <none>


