
*** Running vivado
    with args -log top_reciproc_freq_meas.vds -m64 -product Vivado -mode batch -messageDb vivado.pb -notrace -source top_reciproc_freq_meas.tcl


****** Vivado v2024.2 (64-bit)
  **** SW Build 5239630 on Fri Nov 08 22:34:34 MST 2024
  **** IP Build 5239520 on Sun Nov 10 16:12:51 MST 2024
  **** SharedData Build 5239561 on Fri Nov 08 14:39:27 MST 2024
  **** Start of session at: Tue Apr 21 00:02:17 2026
    ** Copyright 1986-2022 Xilinx, Inc. All Rights Reserved.
    ** Copyright 2022-2024 Advanced Micro Devices, Inc. All Rights Reserved.

source top_reciproc_freq_meas.tcl -notrace
Command: read_checkpoint -auto_incremental -incremental /home/f4bjh/devel/Rf-Test-BJH/hw/freq_front_end/reciproq_freq_meas/reciproq_freq_meas.srcs/utils_1/imports/synth_1/spi_slave.dcp
INFO: [Vivado 12-5825] Read reference checkpoint from /home/f4bjh/devel/Rf-Test-BJH/hw/freq_front_end/reciproq_freq_meas/reciproq_freq_meas.srcs/utils_1/imports/synth_1/spi_slave.dcp for incremental synthesis
INFO: [Vivado 12-7989] Please ensure there are no constraint changes
Command: synth_design -top top_reciproc_freq_meas -part xc7a35tcpg236-1
Starting synth_design
Attempting to get a license for feature 'Synthesis' and/or device 'xc7a35t'
INFO: [Common 17-349] Got license for feature 'Synthesis' and/or device 'xc7a35t'
INFO: [Device 21-403] Loading part xc7a35tcpg236-1
INFO: [Designutils 20-5440] No compile time benefit to using incremental synthesis; A full resynthesis will be run
INFO: [Designutils 20-4379] Flow is switching to default flow due to incremental criteria not met. If you would like to alter this behaviour and have the flow terminate instead, please set the following parameter config_implementation {autoIncr.Synth.RejectBehavior Terminate}
INFO: [Synth 8-7079] Multithreading enabled for synth_design using a maximum of 7 processes.
INFO: [Synth 8-7078] Launching helper process for spawning children vivado processes
INFO: [Synth 8-7075] Helper process launched with PID 321927
---------------------------------------------------------------------------------
Starting RTL Elaboration : Time (s): cpu = 00:00:04 ; elapsed = 00:00:04 . Memory (MB): peak = 1905.984 ; gain = 421.734 ; free physical = 5398 ; free virtual = 25509
---------------------------------------------------------------------------------
INFO: [Synth 8-638] synthesizing module 'top_reciproc_freq_meas' [/home/f4bjh/devel/Rf-Test-BJH/hw/freq_front_end/reciproq_freq_meas/reciproq_freq_meas.srcs/sources_1/new/top_reciproc_freq_meas.vhd:23]
INFO: [Synth 8-3491] module 'clk_wiz_0' declared at '/home/f4bjh/devel/Rf-Test-BJH/hw/freq_front_end/reciproq_freq_meas/reciproq_freq_meas.runs/synth_1/.Xil/Vivado-321894-f4bjh-minipc/realtime/clk_wiz_0_stub.v:6' bound to instance 'u_clk_wiz' of component 'clk_wiz_0' [/home/f4bjh/devel/Rf-Test-BJH/hw/freq_front_end/reciproq_freq_meas/reciproq_freq_meas.srcs/sources_1/new/top_reciproc_freq_meas.vhd:79]
INFO: [Synth 8-6157] synthesizing module 'clk_wiz_0' [/home/f4bjh/devel/Rf-Test-BJH/hw/freq_front_end/reciproq_freq_meas/reciproq_freq_meas.runs/synth_1/.Xil/Vivado-321894-f4bjh-minipc/realtime/clk_wiz_0_stub.v:6]
INFO: [Synth 8-6155] done synthesizing module 'clk_wiz_0' (0#1) [/home/f4bjh/devel/Rf-Test-BJH/hw/freq_front_end/reciproq_freq_meas/reciproq_freq_meas.runs/synth_1/.Xil/Vivado-321894-f4bjh-minipc/realtime/clk_wiz_0_stub.v:6]
INFO: [Synth 8-638] synthesizing module 'spi_slave' [/home/f4bjh/devel/Rf-Test-BJH/hw/freq_front_end/reciproq_freq_meas/reciproq_freq_meas.srcs/sources_1/new/spi_slave.vhd:27]
INFO: [Synth 8-256] done synthesizing module 'spi_slave' (0#1) [/home/f4bjh/devel/Rf-Test-BJH/hw/freq_front_end/reciproq_freq_meas/reciproq_freq_meas.srcs/sources_1/new/spi_slave.vhd:27]
INFO: [Synth 8-638] synthesizing module 'spi_decode' [/home/f4bjh/devel/Rf-Test-BJH/hw/freq_front_end/reciproq_freq_meas/reciproq_freq_meas.srcs/sources_1/new/spi_decode.vhd:54]
INFO: [Synth 8-256] done synthesizing module 'spi_decode' (0#1) [/home/f4bjh/devel/Rf-Test-BJH/hw/freq_front_end/reciproq_freq_meas/reciproq_freq_meas.srcs/sources_1/new/spi_decode.vhd:54]
INFO: [Synth 8-638] synthesizing module 'meas_fifo' [/home/f4bjh/devel/Rf-Test-BJH/hw/freq_front_end/reciproq_freq_meas/reciproq_freq_meas.srcs/sources_1/new/meas_fifo.vhdl:30]
INFO: [Synth 8-256] done synthesizing module 'meas_fifo' (0#1) [/home/f4bjh/devel/Rf-Test-BJH/hw/freq_front_end/reciproq_freq_meas/reciproq_freq_meas.srcs/sources_1/new/meas_fifo.vhdl:30]
INFO: [Synth 8-638] synthesizing module 'status_reg_block' [/home/f4bjh/devel/Rf-Test-BJH/hw/freq_front_end/reciproq_freq_meas/reciproq_freq_meas.srcs/sources_1/new/status_reg.vhdl:26]
INFO: [Synth 8-256] done synthesizing module 'status_reg_block' (0#1) [/home/f4bjh/devel/Rf-Test-BJH/hw/freq_front_end/reciproq_freq_meas/reciproq_freq_meas.srcs/sources_1/new/status_reg.vhdl:26]
INFO: [Synth 8-638] synthesizing module 'nco' [/home/f4bjh/devel/Rf-Test-BJH/hw/freq_front_end/reciproq_freq_meas/reciproq_freq_meas.srcs/sources_1/new/nco.vhd:15]
INFO: [Synth 8-256] done synthesizing module 'nco' (0#1) [/home/f4bjh/devel/Rf-Test-BJH/hw/freq_front_end/reciproq_freq_meas/reciproq_freq_meas.srcs/sources_1/new/nco.vhd:15]
INFO: [Synth 8-638] synthesizing module 'freq_counter' [/home/f4bjh/devel/Rf-Test-BJH/hw/freq_front_end/reciproq_freq_meas/reciproq_freq_meas.srcs/sources_1/new/freq_counter.vhd:29]
	Parameter FREF_HZ bound to: 12000000 - type: integer 
INFO: [Synth 8-256] done synthesizing module 'freq_counter' (0#1) [/home/f4bjh/devel/Rf-Test-BJH/hw/freq_front_end/reciproq_freq_meas/reciproq_freq_meas.srcs/sources_1/new/freq_counter.vhd:29]
INFO: [Synth 8-256] done synthesizing module 'top_reciproc_freq_meas' (0#1) [/home/f4bjh/devel/Rf-Test-BJH/hw/freq_front_end/reciproq_freq_meas/reciproq_freq_meas.srcs/sources_1/new/top_reciproc_freq_meas.vhd:23]
WARNING: [Synth 8-4767] Trying to implement RAM 'fifo_mem_reg' in registers. Block RAM or DRAM implementation is not possible; see log for reasons.
Reason is one or more of the following :
	1: RAM has multiple writes via different ports in same process. If RAM inferencing intended, write to one port per process. 
	2: Unable to determine number of words or word size in RAM. 
	3: No valid read/write found for RAM. 
RAM "fifo_mem_reg" dissolved into registers
WARNING: [Synth 8-7129] Port led_toggle in module status_reg_block is either unconnected or has no load
WARNING: [Synth 8-7129] Port reset_n in module meas_fifo is either unconnected or has no load
WARNING: [Synth 8-7129] Port reset_n in module spi_slave is either unconnected or has no load
---------------------------------------------------------------------------------
Finished RTL Elaboration : Time (s): cpu = 00:00:05 ; elapsed = 00:00:05 . Memory (MB): peak = 1989.953 ; gain = 505.703 ; free physical = 5291 ; free virtual = 25405
---------------------------------------------------------------------------------
---------------------------------------------------------------------------------
Start Handling Custom Attributes
---------------------------------------------------------------------------------
---------------------------------------------------------------------------------
Finished Handling Custom Attributes : Time (s): cpu = 00:00:05 ; elapsed = 00:00:06 . Memory (MB): peak = 2007.766 ; gain = 523.516 ; free physical = 5291 ; free virtual = 25405
---------------------------------------------------------------------------------
---------------------------------------------------------------------------------
Finished RTL Optimization Phase 1 : Time (s): cpu = 00:00:05 ; elapsed = 00:00:06 . Memory (MB): peak = 2007.766 ; gain = 523.516 ; free physical = 5291 ; free virtual = 25405
---------------------------------------------------------------------------------
Netlist sorting complete. Time (s): cpu = 00:00:00.02 ; elapsed = 00:00:00.02 . Memory (MB): peak = 2007.766 ; gain = 0.000 ; free physical = 5299 ; free virtual = 25413
INFO: [Project 1-570] Preparing netlist for logic optimization

Processing XDC Constraints
Initializing timing engine
Parsing XDC File [/home/f4bjh/devel/Rf-Test-BJH/hw/freq_front_end/reciproq_freq_meas/reciproq_freq_meas.gen/sources_1/ip/clk_wiz_0/clk_wiz_0/clk_wiz_0_in_context.xdc] for cell 'u_clk_wiz'
Finished Parsing XDC File [/home/f4bjh/devel/Rf-Test-BJH/hw/freq_front_end/reciproq_freq_meas/reciproq_freq_meas.gen/sources_1/ip/clk_wiz_0/clk_wiz_0/clk_wiz_0_in_context.xdc] for cell 'u_clk_wiz'
Parsing XDC File [/home/f4bjh/devel/Rf-Test-BJH/hw/freq_front_end/reciproq_freq_meas/reciproq_freq_meas.srcs/constrs_1/new/cmodaA7.xdc]
WARNING: [Vivado 12-584] No ports matched 'clk_master'. [/home/f4bjh/devel/Rf-Test-BJH/hw/freq_front_end/reciproq_freq_meas/reciproq_freq_meas.srcs/constrs_1/new/cmodaA7.xdc:8]
Finished Parsing XDC File [/home/f4bjh/devel/Rf-Test-BJH/hw/freq_front_end/reciproq_freq_meas/reciproq_freq_meas.srcs/constrs_1/new/cmodaA7.xdc]
WARNING: [Project 1-498] One or more constraints failed evaluation while reading constraint file [/home/f4bjh/devel/Rf-Test-BJH/hw/freq_front_end/reciproq_freq_meas/reciproq_freq_meas.srcs/constrs_1/new/cmodaA7.xdc] and the design contains unresolved black boxes. These constraints will be read post-synthesis (as long as their source constraint file is marked as used_in_implementation) and should be applied correctly then. You should review the constraints listed in the file [.Xil/top_reciproc_freq_meas_propImpl.xdc] and check the run log file to verify that these constraints were correctly applied.
INFO: [Project 1-236] Implementation specific constraints were found while reading constraint file [/home/f4bjh/devel/Rf-Test-BJH/hw/freq_front_end/reciproq_freq_meas/reciproq_freq_meas.srcs/constrs_1/new/cmodaA7.xdc]. These constraints will be ignored for synthesis but will be used in implementation. Impacted constraints are listed in the file [.Xil/top_reciproc_freq_meas_propImpl.xdc].
Resolution: To avoid this warning, move constraints listed in [.Xil/top_reciproc_freq_meas_propImpl.xdc] to another XDC file and exclude this new file from synthesis with the used_in_synthesis property (File Properties dialog in GUI) and re-run elaboration/synthesis.
Completed Processing XDC Constraints

Netlist sorting complete. Time (s): cpu = 00:00:00 ; elapsed = 00:00:00 . Memory (MB): peak = 2159.516 ; gain = 0.000 ; free physical = 5299 ; free virtual = 25414
INFO: [Project 1-111] Unisim Transformation Summary:
No Unisim elements were transformed.

Constraint Validation Runtime : Time (s): cpu = 00:00:00.01 ; elapsed = 00:00:00.01 . Memory (MB): peak = 2159.516 ; gain = 0.000 ; free physical = 5299 ; free virtual = 25414
INFO: [Designutils 20-5440] No compile time benefit to using incremental synthesis; A full resynthesis will be run
INFO: [Designutils 20-4379] Flow is switching to default flow due to incremental criteria not met. If you would like to alter this behaviour and have the flow terminate instead, please set the following parameter config_implementation {autoIncr.Synth.RejectBehavior Terminate}
---------------------------------------------------------------------------------
Finished Constraint Validation : Time (s): cpu = 00:00:11 ; elapsed = 00:00:12 . Memory (MB): peak = 2159.516 ; gain = 675.266 ; free physical = 5332 ; free virtual = 25447
---------------------------------------------------------------------------------
---------------------------------------------------------------------------------
Start Loading Part and Timing Information
---------------------------------------------------------------------------------
Loading part: xc7a35tcpg236-1
---------------------------------------------------------------------------------
Finished Loading Part and Timing Information : Time (s): cpu = 00:00:11 ; elapsed = 00:00:12 . Memory (MB): peak = 2167.520 ; gain = 683.270 ; free physical = 5332 ; free virtual = 25447
---------------------------------------------------------------------------------
---------------------------------------------------------------------------------
Start Applying 'set_property' XDC Constraints
---------------------------------------------------------------------------------
Applied set_property IO_BUFFER_TYPE = NONE for clk_in. (constraint file  /home/f4bjh/devel/Rf-Test-BJH/hw/freq_front_end/reciproq_freq_meas/reciproq_freq_meas.gen/sources_1/ip/clk_wiz_0/clk_wiz_0/clk_wiz_0_in_context.xdc, line 3).
Applied set_property CLOCK_BUFFER_TYPE = NONE for clk_in. (constraint file  /home/f4bjh/devel/Rf-Test-BJH/hw/freq_front_end/reciproq_freq_meas/reciproq_freq_meas.gen/sources_1/ip/clk_wiz_0/clk_wiz_0/clk_wiz_0_in_context.xdc, line 4).
Applied set_property KEEP_HIERARCHY = SOFT for u_clk_wiz. (constraint file  auto generated constraint).
---------------------------------------------------------------------------------
Finished applying 'set_property' XDC Constraints : Time (s): cpu = 00:00:11 ; elapsed = 00:00:12 . Memory (MB): peak = 2167.520 ; gain = 683.270 ; free physical = 5332 ; free virtual = 25447
---------------------------------------------------------------------------------
WARNING: [Synth 8-3936] Found unconnected internal register 'rx_shift_reg' and it is trimmed from '32' to '31' bits. [/home/f4bjh/devel/Rf-Test-BJH/hw/freq_front_end/reciproq_freq_meas/reciproq_freq_meas.srcs/sources_1/new/spi_slave.vhd:71]
INFO: [Synth 8-802] inferred FSM for state register 'tx_state_reg' in module 'spi_decode'
INFO: [Synth 8-802] inferred FSM for state register 'state_reg' in module 'freq_counter'
---------------------------------------------------------------------------------------------------
                   State |                     New Encoding |                Previous Encoding 
---------------------------------------------------------------------------------------------------
                 tx_idle |                               00 |                               00
               tx_status |                               01 |                               01
            tx_read_data |                               10 |                               10
---------------------------------------------------------------------------------------------------
INFO: [Synth 8-3354] encoded FSM with state register 'tx_state_reg' using encoding 'sequential' in module 'spi_decode'
---------------------------------------------------------------------------------------------------
                   State |                     New Encoding |                Previous Encoding 
---------------------------------------------------------------------------------------------------
                    idle |                            00001 |                              000
                   armed |                            00010 |                              001
               measuring |                            00100 |                              010
                complete |                            01000 |                              011
                   error |                            10000 |                              100
---------------------------------------------------------------------------------------------------
INFO: [Synth 8-3354] encoded FSM with state register 'state_reg' using encoding 'one-hot' in module 'freq_counter'
---------------------------------------------------------------------------------
Finished RTL Optimization Phase 2 : Time (s): cpu = 00:00:12 ; elapsed = 00:00:12 . Memory (MB): peak = 2167.520 ; gain = 683.270 ; free physical = 5332 ; free virtual = 25448
---------------------------------------------------------------------------------
---------------------------------------------------------------------------------
Start RTL Component Statistics 
---------------------------------------------------------------------------------
Detailed RTL Component Info : 
+---Adders : 
	   2 Input   64 Bit       Adders := 2     
	   3 Input   64 Bit       Adders := 1     
	   2 Input   32 Bit       Adders := 3     
	   2 Input    6 Bit       Adders := 2     
	   2 Input    5 Bit       Adders := 2     
	   2 Input    4 Bit       Adders := 3     
	   2 Input    3 Bit       Adders := 5     
+---Registers : 
	               64 Bit    Registers := 3     
	               32 Bit    Registers := 39    
	               31 Bit    Registers := 1     
	               24 Bit    Registers := 1     
	                8 Bit    Registers := 1     
	                6 Bit    Registers := 3     
	                5 Bit    Registers := 2     
	                4 Bit    Registers := 3     
	                3 Bit    Registers := 7     
	                1 Bit    Registers := 27    
+---Muxes : 
	   2 Input   64 Bit        Muxes := 1     
	   5 Input   64 Bit        Muxes := 1     
	   2 Input   32 Bit        Muxes := 98    
	   3 Input   32 Bit        Muxes := 1     
	   6 Input   32 Bit        Muxes := 1     
	   5 Input   32 Bit        Muxes := 1     
	   2 Input    6 Bit        Muxes := 1     
	   4 Input    6 Bit        Muxes := 1     
	   3 Input    6 Bit        Muxes := 1     
	   2 Input    5 Bit        Muxes := 5     
	   4 Input    5 Bit        Muxes := 1     
	   5 Input    5 Bit        Muxes := 1     
	   3 Input    2 Bit        Muxes := 1     
	   2 Input    2 Bit        Muxes := 3     
	   2 Input    1 Bit        Muxes := 38    
	   7 Input    1 Bit        Muxes := 9     
	   4 Input    1 Bit        Muxes := 6     
	   3 Input    1 Bit        Muxes := 5     
	   5 Input    1 Bit        Muxes := 48    
	   6 Input    1 Bit        Muxes := 2     
---------------------------------------------------------------------------------
Finished RTL Component Statistics 
---------------------------------------------------------------------------------
---------------------------------------------------------------------------------
Start Part Resource Summary
---------------------------------------------------------------------------------
Part Resources:
DSPs: 90 (col length:60)
BRAMs: 100 (col length: RAMB18 60 RAMB36 30)
---------------------------------------------------------------------------------
Finished Part Resource Summary
---------------------------------------------------------------------------------
---------------------------------------------------------------------------------
Start Cross Boundary and Area Optimization
---------------------------------------------------------------------------------
WARNING: [Synth 8-7080] Parallel synthesis criteria is not met
WARNING: [Synth 8-7129] Port reset_n in module meas_fifo is either unconnected or has no load
WARNING: [Synth 8-7129] Port reset_n in module spi_slave is either unconnected or has no load
---------------------------------------------------------------------------------
Finished Cross Boundary and Area Optimization : Time (s): cpu = 00:00:17 ; elapsed = 00:00:18 . Memory (MB): peak = 2167.520 ; gain = 683.270 ; free physical = 5335 ; free virtual = 25460
---------------------------------------------------------------------------------
---------------------------------------------------------------------------------
Start Applying XDC Timing Constraints
---------------------------------------------------------------------------------
---------------------------------------------------------------------------------
Finished Applying XDC Timing Constraints : Time (s): cpu = 00:00:22 ; elapsed = 00:00:23 . Memory (MB): peak = 2185.520 ; gain = 701.270 ; free physical = 5290 ; free virtual = 25415
---------------------------------------------------------------------------------
---------------------------------------------------------------------------------
Start Timing Optimization
---------------------------------------------------------------------------------
---------------------------------------------------------------------------------
Finished Timing Optimization : Time (s): cpu = 00:00:23 ; elapsed = 00:00:23 . Memory (MB): peak = 2190.520 ; gain = 706.270 ; free physical = 5282 ; free virtual = 25407
---------------------------------------------------------------------------------
---------------------------------------------------------------------------------
Start Technology Mapping
---------------------------------------------------------------------------------
---------------------------------------------------------------------------------
Finished Technology Mapping : Time (s): cpu = 00:00:24 ; elapsed = 00:00:24 . Memory (MB): peak = 2218.566 ; gain = 734.316 ; free physical = 5266 ; free virtual = 25391
---------------------------------------------------------------------------------
---------------------------------------------------------------------------------
Start IO Insertion
---------------------------------------------------------------------------------
---------------------------------------------------------------------------------
Start Flattening Before IO Insertion
---------------------------------------------------------------------------------
---------------------------------------------------------------------------------
Finished Flattening Before IO Insertion
---------------------------------------------------------------------------------
---------------------------------------------------------------------------------
Start Final Netlist Cleanup
---------------------------------------------------------------------------------
---------------------------------------------------------------------------------
Finished Final Netlist Cleanup
---------------------------------------------------------------------------------
---------------------------------------------------------------------------------
Finished IO Insertion : Time (s): cpu = 00:00:27 ; elapsed = 00:00:28 . Memory (MB): peak = 2367.379 ; gain = 883.129 ; free physical = 5159 ; free virtual = 25284
---------------------------------------------------------------------------------
---------------------------------------------------------------------------------
Start Renaming Generated Instances
---------------------------------------------------------------------------------
---------------------------------------------------------------------------------
Finished Renaming Generated Instances : Time (s): cpu = 00:00:27 ; elapsed = 00:00:28 . Memory (MB): peak = 2367.379 ; gain = 883.129 ; free physical = 5159 ; free virtual = 25284
---------------------------------------------------------------------------------
---------------------------------------------------------------------------------
Start Rebuilding User Hierarchy
---------------------------------------------------------------------------------
---------------------------------------------------------------------------------
Finished Rebuilding User Hierarchy : Time (s): cpu = 00:00:27 ; elapsed = 00:00:28 . Memory (MB): peak = 2367.379 ; gain = 883.129 ; free physical = 5160 ; free virtual = 25285
---------------------------------------------------------------------------------
---------------------------------------------------------------------------------
Start Renaming Generated Ports
---------------------------------------------------------------------------------
---------------------------------------------------------------------------------
Finished Renaming Generated Ports : Time (s): cpu = 00:00:27 ; elapsed = 00:00:28 . Memory (MB): peak = 2367.379 ; gain = 883.129 ; free physical = 5160 ; free virtual = 25285
---------------------------------------------------------------------------------
---------------------------------------------------------------------------------
Start Handling Custom Attributes
---------------------------------------------------------------------------------
---------------------------------------------------------------------------------
Finished Handling Custom Attributes : Time (s): cpu = 00:00:27 ; elapsed = 00:00:28 . Memory (MB): peak = 2367.379 ; gain = 883.129 ; free physical = 5160 ; free virtual = 25285
---------------------------------------------------------------------------------
---------------------------------------------------------------------------------
Start Renaming Generated Nets
---------------------------------------------------------------------------------
---------------------------------------------------------------------------------
Finished Renaming Generated Nets : Time (s): cpu = 00:00:27 ; elapsed = 00:00:28 . Memory (MB): peak = 2367.379 ; gain = 883.129 ; free physical = 5160 ; free virtual = 25285
---------------------------------------------------------------------------------
---------------------------------------------------------------------------------
Start Writing Synthesis Report
---------------------------------------------------------------------------------

Report BlackBoxes: 
+------+--------------+----------+
|      |BlackBox name |Instances |
+------+--------------+----------+
|1     |clk_wiz_0     |         1|
+------+--------------+----------+

Report Cell Usage: 
+------+--------+------+
|      |Cell    |Count |
+------+--------+------+
|1     |clk_wiz |     1|
|2     |CARRY4  |   223|
|3     |LUT1    |   134|
|4     |LUT2    |   362|
|5     |LUT3    |   352|
|6     |LUT4    |   250|
|7     |LUT5    |   168|
|8     |LUT6    |   499|
|9     |MUXF7   |    91|
|10    |MUXF8   |    14|
|11    |FDCE    |   157|
|12    |FDPE    |     3|
|13    |FDRE    |  1249|
|14    |FDSE    |     2|
|15    |IBUF    |     5|
|16    |OBUF    |     3|
+------+--------+------+
---------------------------------------------------------------------------------
Finished Writing Synthesis Report : Time (s): cpu = 00:00:27 ; elapsed = 00:00:28 . Memory (MB): peak = 2367.379 ; gain = 883.129 ; free physical = 5160 ; free virtual = 25285
---------------------------------------------------------------------------------
Synthesis finished with 0 errors, 0 critical warnings and 4 warnings.
Synthesis Optimization Runtime : Time (s): cpu = 00:00:25 ; elapsed = 00:00:26 . Memory (MB): peak = 2367.379 ; gain = 731.379 ; free physical = 5160 ; free virtual = 25285
Synthesis Optimization Complete : Time (s): cpu = 00:00:27 ; elapsed = 00:00:28 . Memory (MB): peak = 2367.387 ; gain = 883.129 ; free physical = 5160 ; free virtual = 25285
INFO: [Project 1-571] Translating synthesized netlist
Netlist sorting complete. Time (s): cpu = 00:00:00.02 ; elapsed = 00:00:00.02 . Memory (MB): peak = 2367.387 ; gain = 0.000 ; free physical = 5319 ; free virtual = 25444
INFO: [Netlist 29-17] Analyzing 328 Unisim elements for replacement
INFO: [Netlist 29-28] Unisim Transformation completed in 0 CPU seconds
INFO: [Project 1-570] Preparing netlist for logic optimization
INFO: [Opt 31-138] Pushed 0 inverter(s) to 0 load pin(s).
Netlist sorting complete. Time (s): cpu = 00:00:00 ; elapsed = 00:00:00 . Memory (MB): peak = 2423.406 ; gain = 0.000 ; free physical = 5310 ; free virtual = 25435
INFO: [Project 1-111] Unisim Transformation Summary:
No Unisim elements were transformed.

Synth Design complete | Checksum: 642263f1
INFO: [Common 17-83] Releasing license: Synthesis
42 Infos, 10 Warnings, 0 Critical Warnings and 0 Errors encountered.
synth_design completed successfully
synth_design: Time (s): cpu = 00:00:35 ; elapsed = 00:00:33 . Memory (MB): peak = 2423.406 ; gain = 984.785 ; free physical = 5310 ; free virtual = 25435
INFO: [Common 17-2834] synth_design peak Physical Memory [PSS] (MB): overall = 1578.104; main = 1578.104; forked = 267.531
INFO: [Common 17-2834] synth_design peak Virtual Memory [VSS] (MB): overall = 3091.984; main = 2423.410; forked = 924.461
Write ShapeDB Complete: Time (s): cpu = 00:00:00.01 ; elapsed = 00:00:00.01 . Memory (MB): peak = 2447.418 ; gain = 0.000 ; free physical = 5310 ; free virtual = 25435
INFO: [Common 17-1381] The checkpoint '/home/f4bjh/devel/Rf-Test-BJH/hw/freq_front_end/reciproq_freq_meas/reciproq_freq_meas.runs/synth_1/top_reciproc_freq_meas.dcp' has been generated.
INFO: [Vivado 12-24828] Executing command : report_utilization -file top_reciproc_freq_meas_utilization_synth.rpt -pb top_reciproc_freq_meas_utilization_synth.pb
INFO: [Common 17-206] Exiting Vivado at Tue Apr 21 00:02:55 2026...
